
> com.pnublace.app@0.0.1 ios
> react-native run-ios

info A dev server is already running for this project on port 8081.
info Found Xcode workspace "PNUBlace.xcworkspace"
info Found booted zun____e
info Building (using "xcodebuild -workspace PNUBlace.xcworkspace -configuration Debug -scheme PNUBlace -destination id=00008130-000205942E62001C")
- Building the app.........
- Building the app....
- Building the app........
- Building the app.........
- Building the app......
- Building the app.......
- Building the app......
- Building the app
- Building the app..
- Building the app...
- Building the app..
- Building the app.....
- Building the app.....
- Building the app.
- Building the app.......
- Building the app.....
- Building the app...
- Building the app.........
- Building the app.....
- Building the app.......
- Building the app.........
- Building the app.
- Building the app...
- Building the app.....
- Building the app.
- Building the app..
- Building the app.......
- Building the app........
- Building the app.
- Building the app
- Building the app........
- Building the app.........
- Building the app...
- Building the app.
- Building the app...
- Building the app
- Building the app.
- Building the app...
- Building the app....
- Building the app.........
- Building the app.........
- Building the app
- Building the app.
- Building the app...
- Building the app.....
- Building the app.......
- Building the app.....
- Building the app.
- Building the app..
- Building the app.........
- Building the app.......
- Building the app......
- Building the app........
- Building the app
- Building the app..
- Building the app....
- Building the app......
- Building the app........
- Building the app
- Building the app.
- Building the app.......
- Building the app........
- Building the app.....
- Building the app.......
- Building the app.....
- Building the app......
- Building the app.........
- Building the app
- Building the app....
- Building the app.....
- Building the app.......
- Building the app.
- Building the app..
- Building the app....
- Building the app....
- Building the app......
- Building the app..
- Building the app......
- Building the app.......
- Building the app.........
- Building the app
- Building the app..
- Building the app.....
- Building the app...
- Building the app....
- Building the app..
- Building the app...
- Building the app.
- Building the app.........
- Building the app.
- Building the app...
- Building the app...
- Building the app....
- Building the app.....
- Building the app........
- Building the app.....
- Building the app
- Building the app.......
- Building the app........
- Building the app
- Building the app..
- Building the app....
- Building the app......
- Building the app........
- Building the app
- Building the app..
- Building the app....
- Building the app......
- Building the app........
- Building the app
- Building the app..
- Building the app....
- Building the app......
- Building the app.......
- Building the app......
- Building the app...

info 💡 Tip: Make sure that you have set up your development environment correctly, by running npx react-native doctor. To read more about doctor command visit: https://github.com/react-native-community/cli/blob/main/packages/cli-doctor/README.md#doctor 

error export CLANG_WARN_DOCUMENTATION_COMMENTS\=YES
error export CLANG_WARN_QUOTED_INCLUDE_IN_FRAMEWORK_HEADER\=NO
error export GCC_WARN_INHIBIT_ALL_WARNINGS\=YES
error export VALIDATE_PRODUCT\=NO
error export GCC_WARN_UNDECLARED_SELECTOR\=YES
error \=return-type -Wdocumentation -Wunreachable-code -Werror\=deprecated-objc-isa-usage -Werror\=objc-root-class -Wno-non-virtual-dtor -Wno-overloaded-virtual -Wno-exit-time-destructors -Wno-missing-braces -Wparentheses -Wswitch -Wunused-function -Wno-unused-label -Wno-unused-parameter -Wunused-variable -Wunused-value -Wempty-body -Wuninitialized -Wconditional-uninitialized -Wno-unknown-pragmas -Wno-shadow -Wno-four-char-constants -Wno-conversion -Wconstant-conversion -Wint-conversion -Wbool-conversion -Wenum-conversion -Wno-float-conversion -Wnon-literal-null-conversion -Wobjc-literal-conversion -Wshorten-64-to-32 -Wno-newline-eof -Wno-c++11-extensions -Wno-implicit-fallthrough -fstrict-aliasing -Wdeprecated-declarations -Winvalid-offsetof -Wno-sign-conversion -Winfinite-recursion -Wmove -Wcomma -Wblock-capture-autoreleasing -Wstrict-prototypes -Wrange-loop-analysis -Wno-semicolon-before-method-body -Wunguarded-availability -index-store-path /Users/junbookpro/Library/Developer/Xcode/DerivedData/PNUBlace-cnuydobrmqbxyqdsixwfgffsawgb/Index.noindex/DataStore -Wno-comma -Wno-shorten-64-to-32 -Wno-documentation @/Users/junbookpro/Library/Developer/Xcode/DerivedData/PNUBlace-cnuydobrmqbxyqdsixwfgffsawgb/Build/Intermediates.noindex/Pods.build/Debug-iphoneos/ReactCodegen.build/Objects-normal/arm64/82b82416624d2658e5098eb0a28c15c5-common-args.resp -DFOLLY_MOBILE\=1 -DFOLLY_USE_LIBCPP\=1 -DFOLLY_CFG_NO_COROUTINES\=1 -DFOLLY_HAVE_CLOCK_GETTIME\=1 -Wno-comma -Wno-shorten-64-to-32 -Wno-documentation -Wno-nullability-completeness -std\=c++20 -include /Users/junbookpro/Documents/study/pnu_blace/apps/mobile/ios/Pods/Target\ Support\ Files/ReactCodegen/ReactCodegen-prefix.pch -MMD -MT dependencies -MF /Users/junbookpro/Library/Developer/Xcode/DerivedData/PNUBlace-cnuydobrmqbxyqdsixwfgffsawgb/Build/Intermediates.noindex/Pods.build/Debug-iphoneos/ReactCodegen.build/Objects-normal/arm64/ComponentDescriptors-a7bc5fb5d9cd21377fc2ab1d9612f365.d --serialize-diagnostics /Users/junbookpro/Library/Developer/Xcode/DerivedData/PNUBlace-cnuydobrmqbxyqdsixwfgffsawgb/Build/Intermediates.noindex/Pods.build/Debug-iphoneos/ReactCodegen.build/Objects-normal/arm64/ComponentDescriptors-a7bc5fb5d9cd21377fc2ab1d9612f365.dia -c /Users/junbookpro/Documents/study/pnu_blace/apps/mobile/ios/build/generated/ios/ReactCodegen/react/renderer/components/RNCWebViewSpec/ComponentDescriptors.cpp -o /Users/junbookpro/Library/Developer/Xcode/DerivedData/PNUBlace-cnuydobrmqbxyqdsixwfgffsawgb/Build/Intermediates.noindex/Pods.build/Debug-iphoneos/ReactCodegen.build/Objects-normal/arm64/ComponentDescriptors-a7bc5fb5d9cd21377fc2ab1d9612f365.o -index-unit-output-path /Pods.build/Debug-iphoneos/ReactCodegen.build/Objects-normal/arm64/ComponentDescriptors-a7bc5fb5d9cd21377fc2ab1d9612f365.o
error \=return-type -Wdocumentation -Wunreachable-code -Wno-implicit-atomic-properties -Werror\=deprecated-objc-isa-usage -Wno-objc-interface-ivars -Werror\=objc-root-class -Wno-arc-repeated-use-of-weak -Wimplicit-retain-self -Wno-non-virtual-dtor -Wno-overloaded-virtual -Wno-exit-time-destructors -Wduplicate-method-match -Wno-missing-braces -Wparentheses -Wswitch -Wunused-function -Wno-unused-label -Wno-unused-parameter -Wunused-variable -Wunused-value -Wempty-body -Wuninitialized -Wconditional-uninitialized -Wno-unknown-pragmas -Wno-shadow -Wno-four-char-constants -Wno-conversion -Wconstant-conversion -Wint-conversion -Wbool-conversion -Wenum-conversion -Wno-float-conversion -Wnon-literal-null-conversion -Wobjc-literal-conversion -Wshorten-64-to-32 -Wno-newline-eof -Wno-selector -Wno-strict-selector-match -Wundeclared-selector -Wdeprecated-implementations -Wno-c++11-extensions -Wno-implicit-fallthrough -fstrict-aliasing -Wprotocol -Wdeprecated-declarations -Winvalid-offsetof -Wno-sign-conversion -Winfinite-recursion -Wmove -Wcomma -Wblock-capture-autoreleasing -Wstrict-prototypes -Wrange-loop-analysis -Wno-semicolon-before-method-body -Wunguarded-availability -index-store-path /Users/junbookpro/Library/Developer/Xcode/DerivedData/PNUBlace-cnuydobrmqbxyqdsixwfgffsawgb/Index.noindex/DataStore @/Users/junbookpro/Library/Developer/Xcode/DerivedData/PNUBlace-cnuydobrmqbxyqdsixwfgffsawgb/Build/Intermediates.noindex/Pods.build/Debug-iphoneos/ReactAppDependencyProvider.build/Objects-normal/arm64/af3fcb34312c57c0f52879cdce924b91-common-args.resp -include /Users/junbookpro/Documents/study/pnu_blace/apps/mobile/ios/Pods/Target\ Support\ Files/ReactAppDependencyProvider/ReactAppDependencyProvider-prefix.pch -MMD -MT dependencies -MF /Users/junbookpro/Library/Developer/Xcode/DerivedData/PNUBlace-cnuydobrmqbxyqdsixwfgffsawgb/Build/Intermediates.noindex/Pods.build/Debug-iphoneos/ReactAppDependencyProvider.build/Objects-normal/arm64/RCTAppDependencyProvider.d --serialize-diagnostics /Users/junbookpro/Library/Developer/Xcode/DerivedData/PNUBlace-cnuydobrmqbxyqdsixwfgffsawgb/Build/Intermediates.noindex/Pods.build/Debug-iphoneos/ReactAppDependencyProvider.build/Objects-normal/arm64/RCTAppDependencyProvider.dia -c /Users/junbookpro/Documents/study/pnu_blace/apps/mobile/ios/build/generated/ios/ReactAppDependencyProvider/RCTAppDependencyProvider.mm -o /Users/junbookpro/Library/Developer/Xcode/DerivedData/PNUBlace-cnuydobrmqbxyqdsixwfgffsawgb/Build/Intermediates.noindex/Pods.build/Debug-iphoneos/ReactAppDependencyProvider.build/Objects-normal/arm64/RCTAppDependencyProvider.o -index-unit-output-path /Pods.build/Debug-iphoneos/ReactAppDependencyProvider.build/Objects-normal/arm64/RCTAppDependencyProvider.o
error \=return-type -Wdocumentation -Wunreachable-code -Werror\=deprecated-objc-isa-usage -Werror\=objc-root-class -Wno-non-virtual-dtor -Wno-overloaded-virtual -Wno-exit-time-destructors -Wno-missing-braces -Wparentheses -Wswitch -Wunused-function -Wno-unused-label -Wno-unused-parameter -Wunused-variable -Wunused-value -Wempty-body -Wuninitialized -Wconditional-uninitialized -Wno-unknown-pragmas -Wno-shadow -Wno-four-char-constants -Wno-conversion -Wconstant-conversion -Wint-conversion -Wbool-conversion -Wenum-conversion -Wno-float-conversion -Wnon-literal-null-conversion -Wobjc-literal-conversion -Wshorten-64-to-32 -Wno-newline-eof -Wno-c++11-extensions -Wno-implicit-fallthrough -fstrict-aliasing -Wdeprecated-declarations -Winvalid-offsetof -Wno-sign-conversion -Winfinite-recursion -Wmove -Wcomma -Wblock-capture-autoreleasing -Wstrict-prototypes -Wrange-loop-analysis -Wno-semicolon-before-method-body -Wunguarded-availability -index-store-path /Users/junbookpro/Library/Developer/Xcode/DerivedData/PNUBlace-cnuydobrmqbxyqdsixwfgffsawgb/Index.noindex/DataStore -Wno-comma -Wno-shorten-64-to-32 -Wno-documentation @/Users/junbookpro/Library/Developer/Xcode/DerivedData/PNUBlace-cnuydobrmqbxyqdsixwfgffsawgb/Build/Intermediates.noindex/Pods.build/Debug-iphoneos/ReactCodegen.build/Objects-normal/arm64/82b82416624d2658e5098eb0a28c15c5-common-args.resp -DFOLLY_MOBILE\=1 -DFOLLY_USE_LIBCPP\=1 -DFOLLY_CFG_NO_COROUTINES\=1 -DFOLLY_HAVE_CLOCK_GETTIME\=1 -Wno-comma -Wno-shorten-64-to-32 -Wno-documentation -Wno-nullability-completeness -std\=c++20 -include /Users/junbookpro/Documents/study/pnu_blace/apps/mobile/ios/Pods/Target\ Support\ Files/ReactCodegen/ReactCodegen-prefix.pch -MMD -MT dependencies -MF /Users/junbookpro/Library/Developer/Xcode/DerivedData/PNUBlace-cnuydobrmqbxyqdsixwfgffsawgb/Build/Intermediates.noindex/Pods.build/Debug-iphoneos/ReactCodegen.build/Objects-normal/arm64/ComponentDescriptors-28631899ab49017ff651b96c8a3f9106.d --serialize-diagnostics /Users/junbookpro/Library/Developer/Xcode/DerivedData/PNUBlace-cnuydobrmqbxyqdsixwfgffsawgb/Build/Intermediates.noindex/Pods.build/Debug-iphoneos/ReactCodegen.build/Objects-normal/arm64/ComponentDescriptors-28631899ab49017ff651b96c8a3f9106.dia -c /Users/junbookpro/Documents/study/pnu_blace/apps/mobile/ios/build/generated/ios/ReactCodegen/react/renderer/components/safeareacontext/ComponentDescriptors.cpp -o /Users/junbookpro/Library/Developer/Xcode/DerivedData/PNUBlace-cnuydobrmqbxyqdsixwfgffsawgb/Build/Intermediates.noindex/Pods.build/Debug-iphoneos/ReactCodegen.build/Objects-normal/arm64/ComponentDescriptors-28631899ab49017ff651b96c8a3f9106.o -index-unit-output-path /Pods.build/Debug-iphoneos/ReactCodegen.build/Objects-normal/arm64/ComponentDescriptors-28631899ab49017ff651b96c8a3f9106.o
error \=return-type -Wdocumentation -Wunreachable-code -Wno-implicit-atomic-properties -Werror\=deprecated-objc-isa-usage -Wno-objc-interface-ivars -Werror\=objc-root-class -Wno-arc-repeated-use-of-weak -Wimplicit-retain-self -Wno-non-virtual-dtor -Wno-overloaded-virtual -Wno-exit-time-destructors -Wduplicate-method-match -Wno-missing-braces -Wparentheses -Wswitch -Wunused-function -Wno-unused-label -Wno-unused-parameter -Wunused-variable -Wunused-value -Wempty-body -Wuninitialized -Wconditional-uninitialized -Wno-unknown-pragmas -Wno-shadow -Wno-four-char-constants -Wno-conversion -Wconstant-conversion -Wint-conversion -Wbool-conversion -Wenum-conversion -Wno-float-conversion -Wnon-literal-null-conversion -Wobjc-literal-conversion -Wshorten-64-to-32 -Wno-newline-eof -Wno-selector -Wno-strict-selector-match -Wundeclared-selector -Wdeprecated-implementations -Wno-c++11-extensions -Wno-implicit-fallthrough -fstrict-aliasing -Wprotocol -Wdeprecated-declarations -Winvalid-offsetof -Wno-sign-conversion -Winfinite-recursion -Wmove -Wcomma -Wblock-capture-autoreleasing -Wstrict-prototypes -Wrange-loop-analysis -Wno-semicolon-before-method-body -Wunguarded-availability -index-store-path /Users/junbookpro/Library/Developer/Xcode/DerivedData/PNUBlace-cnuydobrmqbxyqdsixwfgffsawgb/Index.noindex/DataStore -Wno-comma -Wno-shorten-64-to-32 -Wno-documentation @/Users/junbookpro/Library/Developer/Xcode/DerivedData/PNUBlace-cnuydobrmqbxyqdsixwfgffsawgb/Build/Intermediates.noindex/Pods.build/Debug-iphoneos/ReactCodegen.build/Objects-normal/arm64/af3fcb34312c57c0f52879cdce924b91-common-args.resp -DFOLLY_MOBILE\=1 -DFOLLY_USE_LIBCPP\=1 -DFOLLY_CFG_NO_COROUTINES\=1 -DFOLLY_HAVE_CLOCK_GETTIME\=1 -Wno-comma -Wno-shorten-64-to-32 -Wno-documentation -Wno-nullability-completeness -std\=c++20 -include /Users/junbookpro/Documents/study/pnu_blace/apps/mobile/ios/Pods/Target\ Support\ Files/ReactCodegen/ReactCodegen-prefix.pch -MMD -MT dependencies -MF /Users/junbookpro/Library/Developer/Xcode/DerivedData/PNUBlace-cnuydobrmqbxyqdsixwfgffsawgb/Build/Intermediates.noindex/Pods.build/Debug-iphoneos/ReactCodegen.build/Objects-normal/arm64/RCTModulesConformingToProtocolsProvider.d --serialize-diagnostics /Users/junbookpro/Library/Developer/Xcode/DerivedData/PNUBlace-cnuydobrmqbxyqdsixwfgffsawgb/Build/Intermediates.noindex/Pods.build/Debug-iphoneos/ReactCodegen.build/Objects-normal/arm64/RCTModulesConformingToProtocolsProvider.dia -c /Users/junbookpro/Documents/study/pnu_blace/apps/mobile/ios/build/generated/ios/ReactCodegen/RCTModulesConformingToProtocolsProvider.mm -o /Users/junbookpro/Library/Developer/Xcode/DerivedData/PNUBlace-cnuydobrmqbxyqdsixwfgffsawgb/Build/Intermediates.noindex/Pods.build/Debug-iphoneos/ReactCodegen.build/Objects-normal/arm64/RCTModulesConformingToProtocolsProvider.o -index-unit-output-path /Pods.build/Debug-iphoneos/ReactCodegen.build/Objects-normal/arm64/RCTModulesConformingToProtocolsProvider.o
error \=return-type -Wdocumentation -Wunreachable-code -Wno-implicit-atomic-properties -Werror\=deprecated-objc-isa-usage -Wno-objc-interface-ivars -Werror\=objc-root-class -Wno-arc-repeated-use-of-weak -Wimplicit-retain-self -Wno-non-virtual-dtor -Wno-overloaded-virtual -Wno-exit-time-destructors -Wduplicate-method-match -Wno-missing-braces -Wparentheses -Wswitch -Wunused-function -Wno-unused-label -Wno-unused-parameter -Wunused-variable -Wunused-value -Wempty-body -Wuninitialized -Wconditional-uninitialized -Wno-unknown-pragmas -Wno-shadow -Wno-four-char-constants -Wno-conversion -Wconstant-conversion -Wint-conversion -Wbool-conversion -Wenum-conversion -Wno-float-conversion -Wnon-literal-null-conversion -Wobjc-literal-conversion -Wshorten-64-to-32 -Wno-newline-eof -Wno-selector -Wno-strict-selector-match -Wundeclared-selector -Wdeprecated-implementations -Wno-c++11-extensions -Wno-implicit-fallthrough -fstrict-aliasing -Wprotocol -Wdeprecated-declarations -Winvalid-offsetof -Wno-sign-conversion -Winfinite-recursion -Wmove -Wcomma -Wblock-capture-autoreleasing -Wstrict-prototypes -Wrange-loop-analysis -Wno-semicolon-before-method-body -Wunguarded-availability -index-store-path /Users/junbookpro/Library/Developer/Xcode/DerivedData/PNUBlace-cnuydobrmqbxyqdsixwfgffsawgb/Index.noindex/DataStore -Wno-comma -Wno-shorten-64-to-32 -Wno-documentation @/Users/junbookpro/Library/Developer/Xcode/DerivedData/PNUBlace-cnuydobrmqbxyqdsixwfgffsawgb/Build/Intermediates.noindex/Pods.build/Debug-iphoneos/ReactCodegen.build/Objects-normal/arm64/af3fcb34312c57c0f52879cdce924b91-common-args.resp -DFOLLY_MOBILE\=1 -DFOLLY_USE_LIBCPP\=1 -DFOLLY_CFG_NO_COROUTINES\=1 -DFOLLY_HAVE_CLOCK_GETTIME\=1 -Wno-comma -Wno-shorten-64-to-32 -Wno-documentation -Wno-nullability-completeness -std\=c++20 -include /Users/junbookpro/Documents/study/pnu_blace/apps/mobile/ios/Pods/Target\ Support\ Files/ReactCodegen/ReactCodegen-prefix.pch -MMD -MT dependencies -MF /Users/junbookpro/Library/Developer/Xcode/DerivedData/PNUBlace-cnuydobrmqbxyqdsixwfgffsawgb/Build/Intermediates.noindex/Pods.build/Debug-iphoneos/ReactCodegen.build/Objects-normal/arm64/RCTModuleProviders.d --serialize-diagnostics /Users/junbookpro/Library/Developer/Xcode/DerivedData/PNUBlace-cnuydobrmqbxyqdsixwfgffsawgb/Build/Intermediates.noindex/Pods.build/Debug-iphoneos/ReactCodegen.build/Objects-normal/arm64/RCTModuleProviders.dia -c /Users/junbookpro/Documents/study/pnu_blace/apps/mobile/ios/build/generated/ios/ReactCodegen/RCTModuleProviders.mm -o /Users/junbookpro/Library/Developer/Xcode/DerivedData/PNUBlace-cnuydobrmqbxyqdsixwfgffsawgb/Build/Intermediates.noindex/Pods.build/Debug-iphoneos/ReactCodegen.build/Objects-normal/arm64/RCTModuleProviders.o -index-unit-output-path /Pods.build/Debug-iphoneos/ReactCodegen.build/Objects-normal/arm64/RCTModuleProviders.o
error \=return-type -Wdocumentation -Wunreachable-code -Wno-implicit-atomic-properties -Werror\=deprecated-objc-isa-usage -Wno-objc-interface-ivars -Werror\=objc-root-class -Wno-arc-repeated-use-of-weak -Wimplicit-retain-self -Wno-non-virtual-dtor -Wno-overloaded-virtual -Wno-exit-time-destructors -Wduplicate-method-match -Wno-missing-braces -Wparentheses -Wswitch -Wunused-function -Wno-unused-label -Wno-unused-parameter -Wunused-variable -Wunused-value -Wempty-body -Wuninitialized -Wconditional-uninitialized -Wno-unknown-pragmas -Wno-shadow -Wno-four-char-constants -Wno-conversion -Wconstant-conversion -Wint-conversion -Wbool-conversion -Wenum-conversion -Wno-float-conversion -Wnon-literal-null-conversion -Wobjc-literal-conversion -Wshorten-64-to-32 -Wno-newline-eof -Wno-selector -Wno-strict-selector-match -Wundeclared-selector -Wdeprecated-implementations -Wno-c++11-extensions -Wno-implicit-fallthrough -fstrict-aliasing -Wprotocol -Wdeprecated-declarations -Winvalid-offsetof -Wno-sign-conversion -Winfinite-recursion -Wmove -Wcomma -Wblock-capture-autoreleasing -Wstrict-prototypes -Wrange-loop-analysis -Wno-semicolon-before-method-body -Wunguarded-availability -index-store-path /Users/junbookpro/Library/Developer/Xcode/DerivedData/PNUBlace-cnuydobrmqbxyqdsixwfgffsawgb/Index.noindex/DataStore -Wno-comma -Wno-shorten-64-to-32 -Wno-documentation @/Users/junbookpro/Library/Developer/Xcode/DerivedData/PNUBlace-cnuydobrmqbxyqdsixwfgffsawgb/Build/Intermediates.noindex/Pods.build/Debug-iphoneos/ReactCodegen.build/Objects-normal/arm64/af3fcb34312c57c0f52879cdce924b91-common-args.resp -DFOLLY_MOBILE\=1 -DFOLLY_USE_LIBCPP\=1 -DFOLLY_CFG_NO_COROUTINES\=1 -DFOLLY_HAVE_CLOCK_GETTIME\=1 -Wno-comma -Wno-shorten-64-to-32 -Wno-documentation -Wno-nullability-completeness -std\=c++20 -include /Users/junbookpro/Documents/study/pnu_blace/apps/mobile/ios/Pods/Target\ Support\ Files/ReactCodegen/ReactCodegen-prefix.pch -MMD -MT dependencies -MF /Users/junbookpro/Library/Developer/Xcode/DerivedData/PNUBlace-cnuydobrmqbxyqdsixwfgffsawgb/Build/Intermediates.noindex/Pods.build/Debug-iphoneos/ReactCodegen.build/Objects-normal/arm64/safeareacontext-generated.d --serialize-diagnostics /Users/junbookpro/Library/Developer/Xcode/DerivedData/PNUBlace-cnuydobrmqbxyqdsixwfgffsawgb/Build/Intermediates.noindex/Pods.build/Debug-iphoneos/ReactCodegen.build/Objects-normal/arm64/safeareacontext-generated.dia -c /Users/junbookpro/Documents/study/pnu_blace/apps/mobile/ios/build/generated/ios/ReactCodegen/safeareacontext/safeareacontext-generated.mm -o /Users/junbookpro/Library/Developer/Xcode/DerivedData/PNUBlace-cnuydobrmqbxyqdsixwfgffsawgb/Build/Intermediates.noindex/Pods.build/Debug-iphoneos/ReactCodegen.build/Objects-normal/arm64/safeareacontext-generated.o -index-unit-output-path /Pods.build/Debug-iphoneos/ReactCodegen.build/Objects-normal/arm64/safeareacontext-generated.o
error \=return-type -Wdocumentation -Wunreachable-code -Werror\=deprecated-objc-isa-usage -Werror\=objc-root-class -Wno-non-virtual-dtor -Wno-overloaded-virtual -Wno-exit-time-destructors -Wno-missing-braces -Wparentheses -Wswitch -Wunused-function -Wno-unused-label -Wno-unused-parameter -Wunused-variable -Wunused-value -Wempty-body -Wuninitialized -Wconditional-uninitialized -Wno-unknown-pragmas -Wno-shadow -Wno-four-char-constants -Wno-conversion -Wconstant-conversion -Wint-conversion -Wbool-conversion -Wenum-conversion -Wno-float-conversion -Wnon-literal-null-conversion -Wobjc-literal-conversion -Wshorten-64-to-32 -Wno-newline-eof -Wno-c++11-extensions -Wno-implicit-fallthrough -fstrict-aliasing -Wdeprecated-declarations -Winvalid-offsetof -Wno-sign-conversion -Winfinite-recursion -Wmove -Wcomma -Wblock-capture-autoreleasing -Wstrict-prototypes -Wrange-loop-analysis -Wno-semicolon-before-method-body -Wunguarded-availability -index-store-path /Users/junbookpro/Library/Developer/Xcode/DerivedData/PNUBlace-cnuydobrmqbxyqdsixwfgffsawgb/Index.noindex/DataStore -Wno-comma -Wno-shorten-64-to-32 -Wno-documentation @/Users/junbookpro/Library/Developer/Xcode/DerivedData/PNUBlace-cnuydobrmqbxyqdsixwfgffsawgb/Build/Intermediates.noindex/Pods.build/Debug-iphoneos/ReactCodegen.build/Objects-normal/arm64/82b82416624d2658e5098eb0a28c15c5-common-args.resp -DFOLLY_MOBILE\=1 -DFOLLY_USE_LIBCPP\=1 -DFOLLY_CFG_NO_COROUTINES\=1 -DFOLLY_HAVE_CLOCK_GETTIME\=1 -Wno-comma -Wno-shorten-64-to-32 -Wno-documentation -Wno-nullability-completeness -std\=c++20 -include /Users/junbookpro/Documents/study/pnu_blace/apps/mobile/ios/Pods/Target\ Support\ Files/ReactCodegen/ReactCodegen-prefix.pch -MMD -MT dependencies -MF /Users/junbookpro/Library/Developer/Xcode/DerivedData/PNUBlace-cnuydobrmqbxyqdsixwfgffsawgb/Build/Intermediates.noindex/Pods.build/Debug-iphoneos/ReactCodegen.build/Objects-normal/arm64/States-afebb68c0f4d63585f849c2fb2b21e85.d --serialize-diagnostics /Users/junbookpro/Library/Developer/Xcode/DerivedData/PNUBlace-cnuydobrmqbxyqdsixwfgffsawgb/Build/Intermediates.noindex/Pods.build/Debug-iphoneos/ReactCodegen.build/Objects-normal/arm64/States-afebb68c0f4d63585f849c2fb2b21e85.dia -c /Users/junbookpro/Documents/study/pnu_blace/apps/mobile/ios/build/generated/ios/ReactCodegen/react/renderer/components/safeareacontext/States.cpp -o /Users/junbookpro/Library/Developer/Xcode/DerivedData/PNUBlace-cnuydobrmqbxyqdsixwfgffsawgb/Build/Intermediates.noindex/Pods.build/Debug-iphoneos/ReactCodegen.build/Objects-normal/arm64/States-afebb68c0f4d63585f849c2fb2b21e85.o -index-unit-output-path /Pods.build/Debug-iphoneos/ReactCodegen.build/Objects-normal/arm64/States-afebb68c0f4d63585f849c2fb2b21e85.o
error \=return-type -Wdocumentation -Wunreachable-code -Werror\=deprecated-objc-isa-usage -Werror\=objc-root-class -Wno-non-virtual-dtor -Wno-overloaded-virtual -Wno-exit-time-destructors -Wno-missing-braces -Wparentheses -Wswitch -Wunused-function -Wno-unused-label -Wno-unused-parameter -Wunused-variable -Wunused-value -Wempty-body -Wuninitialized -Wconditional-uninitialized -Wno-unknown-pragmas -Wno-shadow -Wno-four-char-constants -Wno-conversion -Wconstant-conversion -Wint-conversion -Wbool-conversion -Wenum-conversion -Wno-float-conversion -Wnon-literal-null-conversion -Wobjc-literal-conversion -Wshorten-64-to-32 -Wno-newline-eof -Wno-c++11-extensions -Wno-implicit-fallthrough -fstrict-aliasing -Wdeprecated-declarations -Winvalid-offsetof -Wno-sign-conversion -Winfinite-recursion -Wmove -Wcomma -Wblock-capture-autoreleasing -Wstrict-prototypes -Wrange-loop-analysis -Wno-semicolon-before-method-body -Wunguarded-availability -index-store-path /Users/junbookpro/Library/Developer/Xcode/DerivedData/PNUBlace-cnuydobrmqbxyqdsixwfgffsawgb/Index.noindex/DataStore -Wno-comma -Wno-shorten-64-to-32 -Wno-documentation @/Users/junbookpro/Library/Developer/Xcode/DerivedData/PNUBlace-cnuydobrmqbxyqdsixwfgffsawgb/Build/Intermediates.noindex/Pods.build/Debug-iphoneos/ReactCodegen.build/Objects-normal/arm64/82b82416624d2658e5098eb0a28c15c5-common-args.resp -DFOLLY_MOBILE\=1 -DFOLLY_USE_LIBCPP\=1 -DFOLLY_CFG_NO_COROUTINES\=1 -DFOLLY_HAVE_CLOCK_GETTIME\=1 -Wno-comma -Wno-shorten-64-to-32 -Wno-documentation -Wno-nullability-completeness -std\=c++20 -include /Users/junbookpro/Documents/study/pnu_blace/apps/mobile/ios/Pods/Target\ Support\ Files/ReactCodegen/ReactCodegen-prefix.pch -MMD -MT dependencies -MF /Users/junbookpro/Library/Developer/Xcode/DerivedData/PNUBlace-cnuydobrmqbxyqdsixwfgffsawgb/Build/Intermediates.noindex/Pods.build/Debug-iphoneos/ReactCodegen.build/Objects-normal/arm64/ShadowNodes-60c5ca642495505e723c1793647324df.d --serialize-diagnostics /Users/junbookpro/Library/Developer/Xcode/DerivedData/PNUBlace-cnuydobrmqbxyqdsixwfgffsawgb/Build/Intermediates.noindex/Pods.build/Debug-iphoneos/ReactCodegen.build/Objects-normal/arm64/ShadowNodes-60c5ca642495505e723c1793647324df.dia -c /Users/junbookpro/Documents/study/pnu_blace/apps/mobile/ios/build/generated/ios/ReactCodegen/react/renderer/components/RNCWebViewSpec/ShadowNodes.cpp -o /Users/junbookpro/Library/Developer/Xcode/DerivedData/PNUBlace-cnuydobrmqbxyqdsixwfgffsawgb/Build/Intermediates.noindex/Pods.build/Debug-iphoneos/ReactCodegen.build/Objects-normal/arm64/ShadowNodes-60c5ca642495505e723c1793647324df.o -index-unit-output-path /Pods.build/Debug-iphoneos/ReactCodegen.build/Objects-normal/arm64/ShadowNodes-60c5ca642495505e723c1793647324df.o
error \=return-type -Wdocumentation -Wunreachable-code -Wno-implicit-atomic-properties -Werror\=deprecated-objc-isa-usage -Wno-objc-interface-ivars -Werror\=objc-root-class -Wno-arc-repeated-use-of-weak -Wimplicit-retain-self -Wno-non-virtual-dtor -Wno-overloaded-virtual -Wno-exit-time-destructors -Wduplicate-method-match -Wno-missing-braces -Wparentheses -Wswitch -Wunused-function -Wno-unused-label -Wno-unused-parameter -Wunused-variable -Wunused-value -Wempty-body -Wuninitialized -Wconditional-uninitialized -Wno-unknown-pragmas -Wno-shadow -Wno-four-char-constants -Wno-conversion -Wconstant-conversion -Wint-conversion -Wbool-conversion -Wenum-conversion -Wno-float-conversion -Wnon-literal-null-conversion -Wobjc-literal-conversion -Wshorten-64-to-32 -Wno-newline-eof -Wno-selector -Wno-strict-selector-match -Wundeclared-selector -Wdeprecated-implementations -Wno-c++11-extensions -Wno-implicit-fallthrough -fstrict-aliasing -Wprotocol -Wdeprecated-declarations -Winvalid-offsetof -Wno-sign-conversion -Winfinite-recursion -Wmove -Wcomma -Wblock-capture-autoreleasing -Wstrict-prototypes -Wrange-loop-analysis -Wno-semicolon-before-method-body -Wunguarded-availability -index-store-path /Users/junbookpro/Library/Developer/Xcode/DerivedData/PNUBlace-cnuydobrmqbxyqdsixwfgffsawgb/Index.noindex/DataStore -Wno-comma -Wno-shorten-64-to-32 -Wno-documentation @/Users/junbookpro/Library/Developer/Xcode/DerivedData/PNUBlace-cnuydobrmqbxyqdsixwfgffsawgb/Build/Intermediates.noindex/Pods.build/Debug-iphoneos/ReactCodegen.build/Objects-normal/arm64/af3fcb34312c57c0f52879cdce924b91-common-args.resp -DFOLLY_MOBILE\=1 -DFOLLY_USE_LIBCPP\=1 -DFOLLY_CFG_NO_COROUTINES\=1 -DFOLLY_HAVE_CLOCK_GETTIME\=1 -Wno-comma -Wno-shorten-64-to-32 -Wno-documentation -Wno-nullability-completeness -std\=c++20 -include /Users/junbookpro/Documents/study/pnu_blace/apps/mobile/ios/Pods/Target\ Support\ Files/ReactCodegen/ReactCodegen-prefix.pch -MMD -MT dependencies -MF /Users/junbookpro/Library/Developer/Xcode/DerivedData/PNUBlace-cnuydobrmqbxyqdsixwfgffsawgb/Build/Intermediates.noindex/Pods.build/Debug-iphoneos/ReactCodegen.build/Objects-normal/arm64/RNCWebViewSpec-generated.d --serialize-diagnostics /Users/junbookpro/Library/Developer/Xcode/DerivedData/PNUBlace-cnuydobrmqbxyqdsixwfgffsawgb/Build/Intermediates.noindex/Pods.build/Debug-iphoneos/ReactCodegen.build/Objects-normal/arm64/RNCWebViewSpec-generated.dia -c /Users/junbookpro/Documents/study/pnu_blace/apps/mobile/ios/build/generated/ios/ReactCodegen/RNCWebViewSpec/RNCWebViewSpec-generated.mm -o /Users/junbookpro/Library/Developer/Xcode/DerivedData/PNUBlace-cnuydobrmqbxyqdsixwfgffsawgb/Build/Intermediates.noindex/Pods.build/Debug-iphoneos/ReactCodegen.build/Objects-normal/arm64/RNCWebViewSpec-generated.o -index-unit-output-path /Pods.build/Debug-iphoneos/ReactCodegen.build/Objects-normal/arm64/RNCWebViewSpec-generated.o
error \=return-type -Wdocumentation -Wunreachable-code -Wno-implicit-atomic-properties -Werror\=deprecated-objc-isa-usage -Wno-objc-interface-ivars -Werror\=objc-root-class -Wno-arc-repeated-use-of-weak -Wimplicit-retain-self -Wno-non-virtual-dtor -Wno-overloaded-virtual -Wno-exit-time-destructors -Wduplicate-method-match -Wno-missing-braces -Wparentheses -Wswitch -Wunused-function -Wno-unused-label -Wno-unused-parameter -Wunused-variable -Wunused-value -Wempty-body -Wuninitialized -Wconditional-uninitialized -Wno-unknown-pragmas -Wno-shadow -Wno-four-char-constants -Wno-conversion -Wconstant-conversion -Wint-conversion -Wbool-conversion -Wenum-conversion -Wno-float-conversion -Wnon-literal-null-conversion -Wobjc-literal-conversion -Wshorten-64-to-32 -Wno-newline-eof -Wno-selector -Wno-strict-selector-match -Wundeclared-selector -Wdeprecated-implementations -Wno-c++11-extensions -Wno-implicit-fallthrough -fstrict-aliasing -Wprotocol -Wdeprecated-declarations -Winvalid-offsetof -Wno-sign-conversion -Winfinite-recursion -Wmove -Wcomma -Wblock-capture-autoreleasing -Wstrict-prototypes -Wrange-loop-analysis -Wno-semicolon-before-method-body -Wunguarded-availability -index-store-path /Users/junbookpro/Library/Developer/Xcode/DerivedData/PNUBlace-cnuydobrmqbxyqdsixwfgffsawgb/Index.noindex/DataStore -Wno-comma -Wno-shorten-64-to-32 -Wno-documentation @/Users/junbookpro/Library/Developer/Xcode/DerivedData/PNUBlace-cnuydobrmqbxyqdsixwfgffsawgb/Build/Intermediates.noindex/Pods.build/Debug-iphoneos/ReactCodegen.build/Objects-normal/arm64/af3fcb34312c57c0f52879cdce924b91-common-args.resp -DFOLLY_MOBILE\=1 -DFOLLY_USE_LIBCPP\=1 -DFOLLY_CFG_NO_COROUTINES\=1 -DFOLLY_HAVE_CLOCK_GETTIME\=1 -Wno-comma -Wno-shorten-64-to-32 -Wno-documentation -Wno-nullability-completeness -std\=c++20 -include /Users/junbookpro/Documents/study/pnu_blace/apps/mobile/ios/Pods/Target\ Support\ Files/ReactCodegen/ReactCodegen-prefix.pch -MMD -MT dependencies -MF /Users/junbookpro/Library/Developer/Xcode/DerivedData/PNUBlace-cnuydobrmqbxyqdsixwfgffsawgb/Build/Intermediates.noindex/Pods.build/Debug-iphoneos/ReactCodegen.build/Objects-normal/arm64/rnasyncstorage-generated.d --serialize-diagnostics /Users/junbookpro/Library/Developer/Xcode/DerivedData/PNUBlace-cnuydobrmqbxyqdsixwfgffsawgb/Build/Intermediates.noindex/Pods.build/Debug-iphoneos/ReactCodegen.build/Objects-normal/arm64/rnasyncstorage-generated.dia -c /Users/junbookpro/Documents/study/pnu_blace/apps/mobile/ios/build/generated/ios/ReactCodegen/rnasyncstorage/rnasyncstorage-generated.mm -o /Users/junbookpro/Library/Developer/Xcode/DerivedData/PNUBlace-cnuydobrmqbxyqdsixwfgffsawgb/Build/Intermediates.noindex/Pods.build/Debug-iphoneos/ReactCodegen.build/Objects-normal/arm64/rnasyncstorage-generated.o -index-unit-output-path /Pods.build/Debug-iphoneos/ReactCodegen.build/Objects-normal/arm64/rnasyncstorage-generated.o
error \=return-type -Wdocumentation -Wunreachable-code -Werror\=deprecated-objc-isa-usage -Werror\=objc-root-class -Wno-non-virtual-dtor -Wno-overloaded-virtual -Wno-exit-time-destructors -Wno-missing-braces -Wparentheses -Wswitch -Wunused-function -Wno-unused-label -Wno-unused-parameter -Wunused-variable -Wunused-value -Wempty-body -Wuninitialized -Wconditional-uninitialized -Wno-unknown-pragmas -Wno-shadow -Wno-four-char-constants -Wno-conversion -Wconstant-conversion -Wint-conversion -Wbool-conversion -Wenum-conversion -Wno-float-conversion -Wnon-literal-null-conversion -Wobjc-literal-conversion -Wshorten-64-to-32 -Wno-newline-eof -Wno-c++11-extensions -Wno-implicit-fallthrough -fstrict-aliasing -Wdeprecated-declarations -Winvalid-offsetof -Wno-sign-conversion -Winfinite-recursion -Wmove -Wcomma -Wblock-capture-autoreleasing -Wstrict-prototypes -Wrange-loop-analysis -Wno-semicolon-before-method-body -Wunguarded-availability -index-store-path /Users/junbookpro/Library/Developer/Xcode/DerivedData/PNUBlace-cnuydobrmqbxyqdsixwfgffsawgb/Index.noindex/DataStore -Wno-comma -Wno-shorten-64-to-32 -Wno-documentation @/Users/junbookpro/Library/Developer/Xcode/DerivedData/PNUBlace-cnuydobrmqbxyqdsixwfgffsawgb/Build/Intermediates.noindex/Pods.build/Debug-iphoneos/ReactCodegen.build/Objects-normal/arm64/82b82416624d2658e5098eb0a28c15c5-common-args.resp -DFOLLY_MOBILE\=1 -DFOLLY_USE_LIBCPP\=1 -DFOLLY_CFG_NO_COROUTINES\=1 -DFOLLY_HAVE_CLOCK_GETTIME\=1 -Wno-comma -Wno-shorten-64-to-32 -Wno-documentation -Wno-nullability-completeness -std\=c++20 -include /Users/junbookpro/Documents/study/pnu_blace/apps/mobile/ios/Pods/Target\ Support\ Files/ReactCodegen/ReactCodegen-prefix.pch -MMD -MT dependencies -MF /Users/junbookpro/Library/Developer/Xcode/DerivedData/PNUBlace-cnuydobrmqbxyqdsixwfgffsawgb/Build/Intermediates.noindex/Pods.build/Debug-iphoneos/ReactCodegen.build/Objects-normal/arm64/States-f686db900ada60748a3d23e8b896fd33.d --serialize-diagnostics /Users/junbookpro/Library/Developer/Xcode/DerivedData/PNUBlace-cnuydobrmqbxyqdsixwfgffsawgb/Build/Intermediates.noindex/Pods.build/Debug-iphoneos/ReactCodegen.build/Objects-normal/arm64/States-f686db900ada60748a3d23e8b896fd33.dia -c /Users/junbookpro/Documents/study/pnu_blace/apps/mobile/ios/build/generated/ios/ReactCodegen/react/renderer/components/RNCWebViewSpec/States.cpp -o /Users/junbookpro/Library/Developer/Xcode/DerivedData/PNUBlace-cnuydobrmqbxyqdsixwfgffsawgb/Build/Intermediates.noindex/Pods.build/Debug-iphoneos/ReactCodegen.build/Objects-normal/arm64/States-f686db900ada60748a3d23e8b896fd33.o -index-unit-output-path /Pods.build/Debug-iphoneos/ReactCodegen.build/Objects-normal/arm64/States-f686db900ada60748a3d23e8b896fd33.o
error \=return-type -Wdocumentation -Wunreachable-code -Werror\=deprecated-objc-isa-usage -Werror\=objc-root-class -Wno-non-virtual-dtor -Wno-overloaded-virtual -Wno-exit-time-destructors -Wno-missing-braces -Wparentheses -Wswitch -Wunused-function -Wno-unused-label -Wno-unused-parameter -Wunused-variable -Wunused-value -Wempty-body -Wuninitialized -Wconditional-uninitialized -Wno-unknown-pragmas -Wno-shadow -Wno-four-char-constants -Wno-conversion -Wconstant-conversion -Wint-conversion -Wbool-conversion -Wenum-conversion -Wno-float-conversion -Wnon-literal-null-conversion -Wobjc-literal-conversion -Wshorten-64-to-32 -Wno-newline-eof -Wno-c++11-extensions -Wno-implicit-fallthrough -fstrict-aliasing -Wdeprecated-declarations -Winvalid-offsetof -Wno-sign-conversion -Winfinite-recursion -Wmove -Wcomma -Wblock-capture-autoreleasing -Wstrict-prototypes -Wrange-loop-analysis -Wno-semicolon-before-method-body -Wunguarded-availability -index-store-path /Users/junbookpro/Library/Developer/Xcode/DerivedData/PNUBlace-cnuydobrmqbxyqdsixwfgffsawgb/Index.noindex/DataStore -Wno-comma -Wno-shorten-64-to-32 -Wno-documentation @/Users/junbookpro/Library/Developer/Xcode/DerivedData/PNUBlace-cnuydobrmqbxyqdsixwfgffsawgb/Build/Intermediates.noindex/Pods.build/Debug-iphoneos/ReactCodegen.build/Objects-normal/arm64/82b82416624d2658e5098eb0a28c15c5-common-args.resp -DFOLLY_MOBILE\=1 -DFOLLY_USE_LIBCPP\=1 -DFOLLY_CFG_NO_COROUTINES\=1 -DFOLLY_HAVE_CLOCK_GETTIME\=1 -Wno-comma -Wno-shorten-64-to-32 -Wno-documentation -Wno-nullability-completeness -std\=c++20 -include /Users/junbookpro/Documents/study/pnu_blace/apps/mobile/ios/Pods/Target\ Support\ Files/ReactCodegen/ReactCodegen-prefix.pch -MMD -MT dependencies -MF /Users/junbookpro/Library/Developer/Xcode/DerivedData/PNUBlace-cnuydobrmqbxyqdsixwfgffsawgb/Build/Intermediates.noindex/Pods.build/Debug-iphoneos/ReactCodegen.build/Objects-normal/arm64/ShadowNodes-b6f752985d7109d2c2a1026b589b1362.d --serialize-diagnostics /Users/junbookpro/Library/Developer/Xcode/DerivedData/PNUBlace-cnuydobrmqbxyqdsixwfgffsawgb/Build/Intermediates.noindex/Pods.build/Debug-iphoneos/ReactCodegen.build/Objects-normal/arm64/ShadowNodes-b6f752985d7109d2c2a1026b589b1362.dia -c /Users/junbookpro/Documents/study/pnu_blace/apps/mobile/ios/build/generated/ios/ReactCodegen/react/renderer/components/safeareacontext/ShadowNodes.cpp -o /Users/junbookpro/Library/Developer/Xcode/DerivedData/PNUBlace-cnuydobrmqbxyqdsixwfgffsawgb/Build/Intermediates.noindex/Pods.build/Debug-iphoneos/ReactCodegen.build/Objects-normal/arm64/ShadowNodes-b6f752985d7109d2c2a1026b589b1362.o -index-unit-output-path /Pods.build/Debug-iphoneos/ReactCodegen.build/Objects-normal/arm64/ShadowNodes-b6f752985d7109d2c2a1026b589b1362.o
error \=return-type -Wdocumentation -Wunreachable-code -Wno-implicit-atomic-properties -Werror\=deprecated-objc-isa-usage -Wno-objc-interface-ivars -Werror\=objc-root-class -Wno-arc-repeated-use-of-weak -Wimplicit-retain-self -Wno-non-virtual-dtor -Wno-overloaded-virtual -Wno-exit-time-destructors -Wduplicate-method-match -Wno-missing-braces -Wparentheses -Wswitch -Wunused-function -Wno-unused-label -Wno-unused-parameter -Wunused-variable -Wunused-value -Wempty-body -Wuninitialized -Wconditional-uninitialized -Wno-unknown-pragmas -Wno-shadow -Wno-four-char-constants -Wno-conversion -Wconstant-conversion -Wint-conversion -Wbool-conversion -Wenum-conversion -Wno-float-conversion -Wnon-literal-null-conversion -Wobjc-literal-conversion -Wshorten-64-to-32 -Wno-newline-eof -Wno-selector -Wno-strict-selector-match -Wundeclared-selector -Wdeprecated-implementations -Wno-c++11-extensions -Wno-implicit-fallthrough -fstrict-aliasing -Wprotocol -Wdeprecated-declarations -Winvalid-offsetof -Wno-sign-conversion -Winfinite-recursion -Wmove -Wcomma -Wblock-capture-autoreleasing -Wstrict-prototypes -Wrange-loop-analysis -Wno-semicolon-before-method-body -Wunguarded-availability -index-store-path /Users/junbookpro/Library/Developer/Xcode/DerivedData/PNUBlace-cnuydobrmqbxyqdsixwfgffsawgb/Index.noindex/DataStore -Wno-comma -Wno-shorten-64-to-32 -Wno-documentation @/Users/junbookpro/Library/Developer/Xcode/DerivedData/PNUBlace-cnuydobrmqbxyqdsixwfgffsawgb/Build/Intermediates.noindex/Pods.build/Debug-iphoneos/ReactCodegen.build/Objects-normal/arm64/af3fcb34312c57c0f52879cdce924b91-common-args.resp -DFOLLY_MOBILE\=1 -DFOLLY_USE_LIBCPP\=1 -DFOLLY_CFG_NO_COROUTINES\=1 -DFOLLY_HAVE_CLOCK_GETTIME\=1 -Wno-comma -Wno-shorten-64-to-32 -Wno-documentation -Wno-nullability-completeness -std\=c++20 -include /Users/junbookpro/Documents/study/pnu_blace/apps/mobile/ios/Pods/Target\ Support\ Files/ReactCodegen/ReactCodegen-prefix.pch -MMD -MT dependencies -MF /Users/junbookpro/Library/Developer/Xcode/DerivedData/PNUBlace-cnuydobrmqbxyqdsixwfgffsawgb/Build/Intermediates.noindex/Pods.build/Debug-iphoneos/ReactCodegen.build/Objects-normal/arm64/RCTUnstableModulesRequiringMainQueueSetupProvider.d --serialize-diagnostics /Users/junbookpro/Library/Developer/Xcode/DerivedData/PNUBlace-cnuydobrmqbxyqdsixwfgffsawgb/Build/Intermediates.noindex/Pods.build/Debug-iphoneos/ReactCodegen.build/Objects-normal/arm64/RCTUnstableModulesRequiringMainQueueSetupProvider.dia -c /Users/junbookpro/Documents/study/pnu_blace/apps/mobile/ios/build/generated/ios/ReactCodegen/RCTUnstableModulesRequiringMainQueueSetupProvider.mm -o /Users/junbookpro/Library/Developer/Xcode/DerivedData/PNUBlace-cnuydobrmqbxyqdsixwfgffsawgb/Build/Intermediates.noindex/Pods.build/Debug-iphoneos/ReactCodegen.build/Objects-normal/arm64/RCTUnstableModulesRequiringMainQueueSetupProvider.o -index-unit-output-path /Pods.build/Debug-iphoneos/ReactCodegen.build/Objects-normal/arm64/RCTUnstableModulesRequiringMainQueueSetupProvider.o
error \=return-type -Wdocumentation -Wunreachable-code -Wno-implicit-atomic-properties -Werror\=deprecated-objc-isa-usage -Wno-objc-interface-ivars -Werror\=objc-root-class -Wno-arc-repeated-use-of-weak -Wimplicit-retain-self -Wno-non-virtual-dtor -Wno-overloaded-virtual -Wno-exit-time-destructors -Wduplicate-method-match -Wno-missing-braces -Wparentheses -Wswitch -Wunused-function -Wno-unused-label -Wno-unused-parameter -Wunused-variable -Wunused-value -Wempty-body -Wuninitialized -Wconditional-uninitialized -Wno-unknown-pragmas -Wno-shadow -Wno-four-char-constants -Wno-conversion -Wconstant-conversion -Wint-conversion -Wbool-conversion -Wenum-conversion -Wno-float-conversion -Wnon-literal-null-conversion -Wobjc-literal-conversion -Wshorten-64-to-32 -Wno-newline-eof -Wno-selector -Wno-strict-selector-match -Wundeclared-selector -Wdeprecated-implementations -Wno-c++11-extensions -Wno-implicit-fallthrough -fstrict-aliasing -Wprotocol -Wdeprecated-declarations -Winvalid-offsetof -Wno-sign-conversion -Winfinite-recursion -Wmove -Wcomma -Wblock-capture-autoreleasing -Wstrict-prototypes -Wrange-loop-analysis -Wno-semicolon-before-method-body -Wunguarded-availability -index-store-path /Users/junbookpro/Library/Developer/Xcode/DerivedData/PNUBlace-cnuydobrmqbxyqdsixwfgffsawgb/Index.noindex/DataStore -Wno-comma -Wno-shorten-64-to-32 -Wno-documentation @/Users/junbookpro/Library/Developer/Xcode/DerivedData/PNUBlace-cnuydobrmqbxyqdsixwfgffsawgb/Build/Intermediates.noindex/Pods.build/Debug-iphoneos/ReactCodegen.build/Objects-normal/arm64/af3fcb34312c57c0f52879cdce924b91-common-args.resp -DFOLLY_MOBILE\=1 -DFOLLY_USE_LIBCPP\=1 -DFOLLY_CFG_NO_COROUTINES\=1 -DFOLLY_HAVE_CLOCK_GETTIME\=1 -Wno-comma -Wno-shorten-64-to-32 -Wno-documentation -Wno-nullability-completeness -std\=c++20 -include /Users/junbookpro/Documents/study/pnu_blace/apps/mobile/ios/Pods/Target\ Support\ Files/ReactCodegen/ReactCodegen-prefix.pch -MMD -MT dependencies -MF /Users/junbookpro/Library/Developer/Xcode/DerivedData/PNUBlace-cnuydobrmqbxyqdsixwfgffsawgb/Build/Intermediates.noindex/Pods.build/Debug-iphoneos/ReactCodegen.build/Objects-normal/arm64/RCTThirdPartyComponentsProvider.d --serialize-diagnostics /Users/junbookpro/Library/Developer/Xcode/DerivedData/PNUBlace-cnuydobrmqbxyqdsixwfgffsawgb/Build/Intermediates.noindex/Pods.build/Debug-iphoneos/ReactCodegen.build/Objects-normal/arm64/RCTThirdPartyComponentsProvider.dia -c /Users/junbookpro/Documents/study/pnu_blace/apps/mobile/ios/build/generated/ios/ReactCodegen/RCTThirdPartyComponentsProvider.mm -o /Users/junbookpro/Library/Developer/Xcode/DerivedData/PNUBlace-cnuydobrmqbxyqdsixwfgffsawgb/Build/Intermediates.noindex/Pods.build/Debug-iphoneos/ReactCodegen.build/Objects-normal/arm64/RCTThirdPartyComponentsProvider.o -index-unit-output-path /Pods.build/Debug-iphoneos/ReactCodegen.build/Objects-normal/arm64/RCTThirdPartyComponentsProvider.o
error \=return-type -Wdocumentation -Wunreachable-code -Werror\=deprecated-objc-isa-usage -Werror\=objc-root-class -Wno-non-virtual-dtor -Wno-overloaded-virtual -Wno-exit-time-destructors -Wno-missing-braces -Wparentheses -Wswitch -Wunused-function -Wno-unused-label -Wno-unused-parameter -Wunused-variable -Wunused-value -Wempty-body -Wuninitialized -Wconditional-uninitialized -Wno-unknown-pragmas -Wno-shadow -Wno-four-char-constants -Wno-conversion -Wconstant-conversion -Wint-conversion -Wbool-conversion -Wenum-conversion -Wno-float-conversion -Wnon-literal-null-conversion -Wobjc-literal-conversion -Wshorten-64-to-32 -Wno-newline-eof -Wno-c++11-extensions -Wno-implicit-fallthrough -fstrict-aliasing -Wdeprecated-declarations -Winvalid-offsetof -Wno-sign-conversion -Winfinite-recursion -Wmove -Wcomma -Wblock-capture-autoreleasing -Wstrict-prototypes -Wrange-loop-analysis -Wno-semicolon-before-method-body -Wunguarded-availability -index-store-path /Users/junbookpro/Library/Developer/Xcode/DerivedData/PNUBlace-cnuydobrmqbxyqdsixwfgffsawgb/Index.noindex/DataStore -Wno-comma -Wno-shorten-64-to-32 -Wno-documentation @/Users/junbookpro/Library/Developer/Xcode/DerivedData/PNUBlace-cnuydobrmqbxyqdsixwfgffsawgb/Build/Intermediates.noindex/Pods.build/Debug-iphoneos/ReactCodegen.build/Objects-normal/arm64/82b82416624d2658e5098eb0a28c15c5-common-args.resp -DFOLLY_MOBILE\=1 -DFOLLY_USE_LIBCPP\=1 -DFOLLY_CFG_NO_COROUTINES\=1 -DFOLLY_HAVE_CLOCK_GETTIME\=1 -Wno-comma -Wno-shorten-64-to-32 -Wno-documentation -Wno-nullability-completeness -std\=c++20 -include /Users/junbookpro/Documents/study/pnu_blace/apps/mobile/ios/Pods/Target\ Support\ Files/ReactCodegen/ReactCodegen-prefix.pch -MMD -MT dependencies -MF /Users/junbookpro/Library/Developer/Xcode/DerivedData/PNUBlace-cnuydobrmqbxyqdsixwfgffsawgb/Build/Intermediates.noindex/Pods.build/Debug-iphoneos/ReactCodegen.build/Objects-normal/arm64/Props-d96b3c0faf3841cb1ff45e13ad5efb09.d --serialize-diagnostics /Users/junbookpro/Library/Developer/Xcode/DerivedData/PNUBlace-cnuydobrmqbxyqdsixwfgffsawgb/Build/Intermediates.noindex/Pods.build/Debug-iphoneos/ReactCodegen.build/Objects-normal/arm64/Props-d96b3c0faf3841cb1ff45e13ad5efb09.dia -c /Users/junbookpro/Documents/study/pnu_blace/apps/mobile/ios/build/generated/ios/ReactCodegen/react/renderer/components/RNCWebViewSpec/Props.cpp -o /Users/junbookpro/Library/Developer/Xcode/DerivedData/PNUBlace-cnuydobrmqbxyqdsixwfgffsawgb/Build/Intermediates.noindex/Pods.build/Debug-iphoneos/ReactCodegen.build/Objects-normal/arm64/Props-d96b3c0faf3841cb1ff45e13ad5efb09.o -index-unit-output-path /Pods.build/Debug-iphoneos/ReactCodegen.build/Objects-normal/arm64/Props-d96b3c0faf3841cb1ff45e13ad5efb09.o
error \=return-type -Wdocumentation -Wunreachable-code -Werror\=deprecated-objc-isa-usage -Werror\=objc-root-class -Wno-non-virtual-dtor -Wno-overloaded-virtual -Wno-exit-time-destructors -Wno-missing-braces -Wparentheses -Wswitch -Wunused-function -Wno-unused-label -Wno-unused-parameter -Wunused-variable -Wunused-value -Wempty-body -Wuninitialized -Wconditional-uninitialized -Wno-unknown-pragmas -Wno-shadow -Wno-four-char-constants -Wno-conversion -Wconstant-conversion -Wint-conversion -Wbool-conversion -Wenum-conversion -Wno-float-conversion -Wnon-literal-null-conversion -Wobjc-literal-conversion -Wshorten-64-to-32 -Wno-newline-eof -Wno-c++11-extensions -Wno-implicit-fallthrough -fstrict-aliasing -Wdeprecated-declarations -Winvalid-offsetof -Wno-sign-conversion -Winfinite-recursion -Wmove -Wcomma -Wblock-capture-autoreleasing -Wstrict-prototypes -Wrange-loop-analysis -Wno-semicolon-before-method-body -Wunguarded-availability -index-store-path /Users/junbookpro/Library/Developer/Xcode/DerivedData/PNUBlace-cnuydobrmqbxyqdsixwfgffsawgb/Index.noindex/DataStore -Wno-comma -Wno-shorten-64-to-32 -Wno-documentation @/Users/junbookpro/Library/Developer/Xcode/DerivedData/PNUBlace-cnuydobrmqbxyqdsixwfgffsawgb/Build/Intermediates.noindex/Pods.build/Debug-iphoneos/ReactCodegen.build/Objects-normal/arm64/82b82416624d2658e5098eb0a28c15c5-common-args.resp -DFOLLY_MOBILE\=1 -DFOLLY_USE_LIBCPP\=1 -DFOLLY_CFG_NO_COROUTINES\=1 -DFOLLY_HAVE_CLOCK_GETTIME\=1 -Wno-comma -Wno-shorten-64-to-32 -Wno-documentation -Wno-nullability-completeness -std\=c++20 -include /Users/junbookpro/Documents/study/pnu_blace/apps/mobile/ios/Pods/Target\ Support\ Files/ReactCodegen/ReactCodegen-prefix.pch -MMD -MT dependencies -MF /Users/junbookpro/Library/Developer/Xcode/DerivedData/PNUBlace-cnuydobrmqbxyqdsixwfgffsawgb/Build/Intermediates.noindex/Pods.build/Debug-iphoneos/ReactCodegen.build/Objects-normal/arm64/Props-a10c093e4e16b0bca12872bad181817e.d --serialize-diagnostics /Users/junbookpro/Library/Developer/Xcode/DerivedData/PNUBlace-cnuydobrmqbxyqdsixwfgffsawgb/Build/Intermediates.noindex/Pods.build/Debug-iphoneos/ReactCodegen.build/Objects-normal/arm64/Props-a10c093e4e16b0bca12872bad181817e.dia -c /Users/junbookpro/Documents/study/pnu_blace/apps/mobile/ios/build/generated/ios/ReactCodegen/react/renderer/components/safeareacontext/Props.cpp -o /Users/junbookpro/Library/Developer/Xcode/DerivedData/PNUBlace-cnuydobrmqbxyqdsixwfgffsawgb/Build/Intermediates.noindex/Pods.build/Debug-iphoneos/ReactCodegen.build/Objects-normal/arm64/Props-a10c093e4e16b0bca12872bad181817e.o -index-unit-output-path /Pods.build/Debug-iphoneos/ReactCodegen.build/Objects-normal/arm64/Props-a10c093e4e16b0bca12872bad181817e.o
error \=return-type -Wdocumentation -Wunreachable-code -Werror\=deprecated-objc-isa-usage -Werror\=objc-root-class -Wno-non-virtual-dtor -Wno-overloaded-virtual -Wno-exit-time-destructors -Wno-missing-braces -Wparentheses -Wswitch -Wunused-function -Wno-unused-label -Wno-unused-parameter -Wunused-variable -Wunused-value -Wempty-body -Wuninitialized -Wconditional-uninitialized -Wno-unknown-pragmas -Wno-shadow -Wno-four-char-constants -Wno-conversion -Wconstant-conversion -Wint-conversion -Wbool-conversion -Wenum-conversion -Wno-float-conversion -Wnon-literal-null-conversion -Wobjc-literal-conversion -Wshorten-64-to-32 -Wno-newline-eof -Wno-c++11-extensions -Wno-implicit-fallthrough -fstrict-aliasing -Wdeprecated-declarations -Winvalid-offsetof -Wno-sign-conversion -Winfinite-recursion -Wmove -Wcomma -Wblock-capture-autoreleasing -Wstrict-prototypes -Wrange-loop-analysis -Wno-semicolon-before-method-body -Wunguarded-availability -index-store-path /Users/junbookpro/Library/Developer/Xcode/DerivedData/PNUBlace-cnuydobrmqbxyqdsixwfgffsawgb/Index.noindex/DataStore -Wno-comma -Wno-shorten-64-to-32 -Wno-documentation @/Users/junbookpro/Library/Developer/Xcode/DerivedData/PNUBlace-cnuydobrmqbxyqdsixwfgffsawgb/Build/Intermediates.noindex/Pods.build/Debug-iphoneos/ReactCodegen.build/Objects-normal/arm64/82b82416624d2658e5098eb0a28c15c5-common-args.resp -DFOLLY_MOBILE\=1 -DFOLLY_USE_LIBCPP\=1 -DFOLLY_CFG_NO_COROUTINES\=1 -DFOLLY_HAVE_CLOCK_GETTIME\=1 -Wno-comma -Wno-shorten-64-to-32 -Wno-documentation -Wno-nullability-completeness -std\=c++20 -include /Users/junbookpro/Documents/study/pnu_blace/apps/mobile/ios/Pods/Target\ Support\ Files/ReactCodegen/ReactCodegen-prefix.pch -MMD -MT dependencies -MF /Users/junbookpro/Library/Developer/Xcode/DerivedData/PNUBlace-cnuydobrmqbxyqdsixwfgffsawgb/Build/Intermediates.noindex/Pods.build/Debug-iphoneos/ReactCodegen.build/Objects-normal/arm64/EventEmitters-b950114bdf74237597f1a53ec9ea0c1c.d --serialize-diagnostics /Users/junbookpro/Library/Developer/Xcode/DerivedData/PNUBlace-cnuydobrmqbxyqdsixwfgffsawgb/Build/Intermediates.noindex/Pods.build/Debug-iphoneos/ReactCodegen.build/Objects-normal/arm64/EventEmitters-b950114bdf74237597f1a53ec9ea0c1c.dia -c /Users/junbookpro/Documents/study/pnu_blace/apps/mobile/ios/build/generated/ios/ReactCodegen/react/renderer/components/safeareacontext/EventEmitters.cpp -o /Users/junbookpro/Library/Developer/Xcode/DerivedData/PNUBlace-cnuydobrmqbxyqdsixwfgffsawgb/Build/Intermediates.noindex/Pods.build/Debug-iphoneos/ReactCodegen.build/Objects-normal/arm64/EventEmitters-b950114bdf74237597f1a53ec9ea0c1c.o -index-unit-output-path /Pods.build/Debug-iphoneos/ReactCodegen.build/Objects-normal/arm64/EventEmitters-b950114bdf74237597f1a53ec9ea0c1c.o
error \=return-type -Wdocumentation -Wunreachable-code -Werror\=deprecated-objc-isa-usage -Werror\=objc-root-class -Wno-non-virtual-dtor -Wno-overloaded-virtual -Wno-exit-time-destructors -Wno-missing-braces -Wparentheses -Wswitch -Wunused-function -Wno-unused-label -Wno-unused-parameter -Wunused-variable -Wunused-value -Wempty-body -Wuninitialized -Wconditional-uninitialized -Wno-unknown-pragmas -Wno-shadow -Wno-four-char-constants -Wno-conversion -Wconstant-conversion -Wint-conversion -Wbool-conversion -Wenum-conversion -Wno-float-conversion -Wnon-literal-null-conversion -Wobjc-literal-conversion -Wshorten-64-to-32 -Wno-newline-eof -Wno-c++11-extensions -Wno-implicit-fallthrough -fstrict-aliasing -Wdeprecated-declarations -Winvalid-offsetof -Wno-sign-conversion -Winfinite-recursion -Wmove -Wcomma -Wblock-capture-autoreleasing -Wstrict-prototypes -Wrange-loop-analysis -Wno-semicolon-before-method-body -Wunguarded-availability -index-store-path /Users/junbookpro/Library/Developer/Xcode/DerivedData/PNUBlace-cnuydobrmqbxyqdsixwfgffsawgb/Index.noindex/DataStore -Wno-comma -Wno-shorten-64-to-32 -Wno-documentation @/Users/junbookpro/Library/Developer/Xcode/DerivedData/PNUBlace-cnuydobrmqbxyqdsixwfgffsawgb/Build/Intermediates.noindex/Pods.build/Debug-iphoneos/ReactCodegen.build/Objects-normal/arm64/82b82416624d2658e5098eb0a28c15c5-common-args.resp -DFOLLY_MOBILE\=1 -DFOLLY_USE_LIBCPP\=1 -DFOLLY_CFG_NO_COROUTINES\=1 -DFOLLY_HAVE_CLOCK_GETTIME\=1 -Wno-comma -Wno-shorten-64-to-32 -Wno-documentation -Wno-nullability-completeness -std\=c++20 -include /Users/junbookpro/Documents/study/pnu_blace/apps/mobile/ios/Pods/Target\ Support\ Files/ReactCodegen/ReactCodegen-prefix.pch -MMD -MT dependencies -MF /Users/junbookpro/Library/Developer/Xcode/DerivedData/PNUBlace-cnuydobrmqbxyqdsixwfgffsawgb/Build/Intermediates.noindex/Pods.build/Debug-iphoneos/ReactCodegen.build/Objects-normal/arm64/EventEmitters-615124f54c0c5657008bfcb49dd3605d.d --serialize-diagnostics /Users/junbookpro/Library/Developer/Xcode/DerivedData/PNUBlace-cnuydobrmqbxyqdsixwfgffsawgb/Build/Intermediates.noindex/Pods.build/Debug-iphoneos/ReactCodegen.build/Objects-normal/arm64/EventEmitters-615124f54c0c5657008bfcb49dd3605d.dia -c /Users/junbookpro/Documents/study/pnu_blace/apps/mobile/ios/build/generated/ios/ReactCodegen/react/renderer/components/RNCWebViewSpec/EventEmitters.cpp -o /Users/junbookpro/Library/Developer/Xcode/DerivedData/PNUBlace-cnuydobrmqbxyqdsixwfgffsawgb/Build/Intermediates.noindex/Pods.build/Debug-iphoneos/ReactCodegen.build/Objects-normal/arm64/EventEmitters-615124f54c0c5657008bfcb49dd3605d.o -index-unit-output-path /Pods.build/Debug-iphoneos/ReactCodegen.build/Objects-normal/arm64/EventEmitters-615124f54c0c5657008bfcb49dd3605d.o
error export CLANG_WARN_EMPTY_BODY\=YES
error (
error Unable to resolve module @babel/runtime/helpers/interopRequireDefault from /Users/junbookpro/Documents/study/pnu_blace/apps/mobile/index.js: @babel/runtime/helpers/interopRequireDefault could not be found within the project or in these directories:
error ',
error Module does not exist in the Haste module map or in these directories:
error Failed to build ios project. "xcodebuild" exited with error code '65'. To debug build logs further, consider building your app with Xcode.app, by opening 'PNUBlace.xcworkspace'.
npm error Lifecycle script `ios` failed with error:
npm error code 1
npm error path /Users/junbookpro/Documents/study/pnu_blace/apps/mobile
npm error workspace com.pnublace.app@0.0.1
npm error location /Users/junbookpro/Documents/study/pnu_blace/apps/mobile
npm error command failed
npm error command sh -c react-native run-ios
